2024-09-19 14:03:17,170 - elsapy.elsclient - INFO - Module loaded.
2024-09-19 14:03:17,758 - elsapy.utils - INFO - Module loaded.
2024-09-19 14:03:17,758 - elsapy.elssearch - INFO - Module loaded.
2024-09-19 14:05:30,858 - elsapy.elsclient - INFO - Module loaded.
2024-09-19 14:05:31,375 - elsapy.utils - INFO - Module loaded.
2024-09-19 14:05:31,381 - elsapy.elssearch - INFO - Module loaded.
2024-09-19 14:06:34,784 - elsapy.elsclient - INFO - Sending GET request to https://api.elsevier.com/content/search/scopus?query=TITLE%28IoT+Device+Attack%29+OR+ABS%28IoT+Device+Attack%29+OR+KEY%28IoT+Device+Attack%29+AND+PUBDATETXT%28October+2023%29
2024-09-19 14:06:36,609 - elsapy.elsclient - INFO - Sending GET request to https://api.elsevier.com/content/search/scopus?start=25&count=25&query=TITLE%28IoT+Device+Attack%29+OR+ABS%28IoT+Device+Attack%29+OR+KEY%28IoT+Device+Attack%29+AND+PUBDATETXT%28October+2023%29
2024-09-19 14:06:38,324 - elsapy.elsclient - INFO - Sending GET request to https://api.elsevier.com/content/search/scopus?start=50&count=25&query=TITLE%28IoT+Device+Attack%29+OR+ABS%28IoT+Device+Attack%29+OR+KEY%28IoT+Device+Attack%29+AND+PUBDATETXT%28October+2023%29
2024-09-19 14:06:40,191 - elsapy.elsclient - INFO - Sending GET request to https://api.elsevier.com/content/search/scopus?start=75&count=25&query=TITLE%28IoT+Device+Attack%29+OR+ABS%28IoT+Device+Attack%29+OR+KEY%28IoT+Device+Attack%29+AND+PUBDATETXT%28October+2023%29
2024-09-19 14:06:40,740 - elsapy.utils - INFO - Converting prism:coverDate
2024-09-19 14:12:54,859 - elsapy.elsclient - INFO - Sending GET request to https://api.elsevier.com/content/search/scopus?query=TITLE%28IoT+Device+Attack%29+OR+ABS%28IoT+Device+Attack%29+OR+KEY%28IoT+Device+Attack%29+AND+PUBDATETXT%28November+2023%29
2024-09-19 14:12:56,724 - elsapy.elsclient - INFO - Sending GET request to https://api.elsevier.com/content/search/scopus?start=25&count=25&query=TITLE%28IoT+Device+Attack%29+OR+ABS%28IoT+Device+Attack%29+OR+KEY%28IoT+Device+Attack%29+AND+PUBDATETXT%28November+2023%29
2024-09-19 14:12:58,351 - elsapy.elsclient - INFO - Sending GET request to https://api.elsevier.com/content/search/scopus?start=50&count=25&query=TITLE%28IoT+Device+Attack%29+OR+ABS%28IoT+Device+Attack%29+OR+KEY%28IoT+Device+Attack%29+AND+PUBDATETXT%28November+2023%29
2024-09-19 14:12:59,029 - elsapy.utils - INFO - Converting prism:coverDate
2024-09-19 14:17:54,788 - elsapy.elsclient - INFO - Sending GET request to https://api.elsevier.com/content/search/scopus?query=TITLE%28IoT+Device+Attack%29+OR+ABS%28IoT+Device+Attack%29+OR+KEY%28IoT+Device+Attack%29+AND+PUBDATETXT%28December+2023%29
2024-09-19 14:17:56,495 - elsapy.elsclient - INFO - Sending GET request to https://api.elsevier.com/content/search/scopus?start=25&count=25&query=TITLE%28IoT+Device+Attack%29+OR+ABS%28IoT+Device+Attack%29+OR+KEY%28IoT+Device+Attack%29+AND+PUBDATETXT%28December+2023%29
2024-09-19 14:17:58,214 - elsapy.elsclient - INFO - Sending GET request to https://api.elsevier.com/content/search/scopus?start=50&count=25&query=TITLE%28IoT+Device+Attack%29+OR+ABS%28IoT+Device+Attack%29+OR+KEY%28IoT+Device+Attack%29+AND+PUBDATETXT%28December+2023%29
2024-09-19 14:17:59,974 - elsapy.elsclient - INFO - Sending GET request to https://api.elsevier.com/content/search/scopus?start=75&count=25&query=TITLE%28IoT+Device+Attack%29+OR+ABS%28IoT+Device+Attack%29+OR+KEY%28IoT+Device+Attack%29+AND+PUBDATETXT%28December+2023%29
2024-09-19 14:18:01,763 - elsapy.elsclient - INFO - Sending GET request to https://api.elsevier.com/content/search/scopus?start=100&count=25&query=TITLE%28IoT+Device+Attack%29+OR+ABS%28IoT+Device+Attack%29+OR+KEY%28IoT+Device+Attack%29+AND+PUBDATETXT%28December+2023%29
2024-09-19 14:18:02,300 - elsapy.utils - INFO - Converting prism:coverDate
2024-09-19 14:32:39,689 - elsapy.elsclient - INFO - Module loaded.
2024-09-19 14:32:40,313 - elsapy.utils - INFO - Module loaded.
2024-09-19 14:32:40,313 - elsapy.elssearch - INFO - Module loaded.
2024-09-19 14:33:45,580 - elsapy.elsclient - INFO - Sending GET request to https://api.elsevier.com/content/search/scopus?query=TITLE%28IoT+Device+Attack%29+OR+ABS%28IoT+Device+Attack%29+OR+KEY%28IoT+Device+Attack%29+AND+PUBDATETXT%28January+2024%29
2024-09-19 14:33:47,355 - elsapy.elsclient - INFO - Sending GET request to https://api.elsevier.com/content/search/scopus?start=25&count=25&query=TITLE%28IoT+Device+Attack%29+OR+ABS%28IoT+Device+Attack%29+OR+KEY%28IoT+Device+Attack%29+AND+PUBDATETXT%28January+2024%29
2024-09-19 14:33:48,995 - elsapy.elsclient - INFO - Sending GET request to https://api.elsevier.com/content/search/scopus?start=50&count=25&query=TITLE%28IoT+Device+Attack%29+OR+ABS%28IoT+Device+Attack%29+OR+KEY%28IoT+Device+Attack%29+AND+PUBDATETXT%28January+2024%29
2024-09-19 14:33:50,833 - elsapy.elsclient - INFO - Sending GET request to https://api.elsevier.com/content/search/scopus?start=75&count=25&query=TITLE%28IoT+Device+Attack%29+OR+ABS%28IoT+Device+Attack%29+OR+KEY%28IoT+Device+Attack%29+AND+PUBDATETXT%28January+2024%29
2024-09-19 14:33:52,481 - elsapy.elsclient - INFO - Sending GET request to https://api.elsevier.com/content/search/scopus?start=100&count=25&query=TITLE%28IoT+Device+Attack%29+OR+ABS%28IoT+Device+Attack%29+OR+KEY%28IoT+Device+Attack%29+AND+PUBDATETXT%28January+2024%29
2024-09-19 14:33:54,218 - elsapy.elsclient - INFO - Sending GET request to https://api.elsevier.com/content/search/scopus?start=125&count=25&query=TITLE%28IoT+Device+Attack%29+OR+ABS%28IoT+Device+Attack%29+OR+KEY%28IoT+Device+Attack%29+AND+PUBDATETXT%28January+2024%29
2024-09-19 14:33:54,675 - elsapy.utils - INFO - Converting prism:coverDate
2024-09-19 14:46:28,607 - elsapy.elsclient - INFO - Sending GET request to https://api.elsevier.com/content/search/scopus?query=TITLE%28IoT+Device+Attack%29+OR+ABS%28IoT+Device+Attack%29+OR+KEY%28IoT+Device+Attack%29+AND+PUBDATETXT%28February+2024%29
2024-09-19 14:46:30,263 - elsapy.elsclient - INFO - Sending GET request to https://api.elsevier.com/content/search/scopus?start=25&count=25&query=TITLE%28IoT+Device+Attack%29+OR+ABS%28IoT+Device+Attack%29+OR+KEY%28IoT+Device+Attack%29+AND+PUBDATETXT%28February+2024%29
2024-09-19 14:46:31,905 - elsapy.elsclient - INFO - Sending GET request to https://api.elsevier.com/content/search/scopus?start=50&count=25&query=TITLE%28IoT+Device+Attack%29+OR+ABS%28IoT+Device+Attack%29+OR+KEY%28IoT+Device+Attack%29+AND+PUBDATETXT%28February+2024%29
2024-09-19 14:46:32,572 - elsapy.utils - INFO - Converting prism:coverDate
2024-09-19 14:51:48,053 - elsapy.elsclient - INFO - Sending GET request to https://api.elsevier.com/content/search/scopus?query=TITLE%28IoT+Device+Attack%29+OR+ABS%28IoT+Device+Attack%29+OR+KEY%28IoT+Device+Attack%29+AND+PUBDATETXT%28March+2024%29
2024-09-19 14:51:49,790 - elsapy.elsclient - INFO - Sending GET request to https://api.elsevier.com/content/search/scopus?start=25&count=25&query=TITLE%28IoT+Device+Attack%29+OR+ABS%28IoT+Device+Attack%29+OR+KEY%28IoT+Device+Attack%29+AND+PUBDATETXT%28March+2024%29
2024-09-19 14:51:51,428 - elsapy.elsclient - INFO - Sending GET request to https://api.elsevier.com/content/search/scopus?start=50&count=25&query=TITLE%28IoT+Device+Attack%29+OR+ABS%28IoT+Device+Attack%29+OR+KEY%28IoT+Device+Attack%29+AND+PUBDATETXT%28March+2024%29
2024-09-19 14:51:52,226 - elsapy.utils - INFO - Converting prism:coverDate
2024-09-19 15:00:48,327 - elsapy.elsclient - INFO - Module loaded.
2024-09-19 15:00:49,014 - elsapy.utils - INFO - Module loaded.
2024-09-19 15:00:49,014 - elsapy.elssearch - INFO - Module loaded.
2024-09-19 15:00:57,349 - elsapy.elsclient - INFO - Module loaded.
2024-09-19 15:00:57,789 - elsapy.utils - INFO - Module loaded.
2024-09-19 15:00:57,789 - elsapy.elssearch - INFO - Module loaded.
2024-09-19 15:02:50,089 - elsapy.elsclient - INFO - Sending GET request to https://api.elsevier.com/content/search/scopus?query=TITLE%28Adversarial+Attack%29+OR+ABS%28Adversarial+Attack%29+OR+KEY%28Adversarial+Attack%29+AND+PUBDATETXT%28January+2023%29
2024-09-19 15:02:51,874 - elsapy.elsclient - INFO - Sending GET request to https://api.elsevier.com/content/search/scopus?start=25&count=25&query=TITLE%28Adversarial+Attack%29+OR+ABS%28Adversarial+Attack%29+OR+KEY%28Adversarial+Attack%29+AND+PUBDATETXT%28January+2023%29
2024-09-19 15:02:53,473 - elsapy.elsclient - INFO - Sending GET request to https://api.elsevier.com/content/search/scopus?start=50&count=25&query=TITLE%28Adversarial+Attack%29+OR+ABS%28Adversarial+Attack%29+OR+KEY%28Adversarial+Attack%29+AND+PUBDATETXT%28January+2023%29
2024-09-19 15:02:55,149 - elsapy.elsclient - INFO - Sending GET request to https://api.elsevier.com/content/search/scopus?start=75&count=25&query=TITLE%28Adversarial+Attack%29+OR+ABS%28Adversarial+Attack%29+OR+KEY%28Adversarial+Attack%29+AND+PUBDATETXT%28January+2023%29
2024-09-19 15:02:56,882 - elsapy.elsclient - INFO - Sending GET request to https://api.elsevier.com/content/search/scopus?start=100&count=25&query=TITLE%28Adversarial+Attack%29+OR+ABS%28Adversarial+Attack%29+OR+KEY%28Adversarial+Attack%29+AND+PUBDATETXT%28January+2023%29
2024-09-19 15:02:58,442 - elsapy.elsclient - INFO - Sending GET request to https://api.elsevier.com/content/search/scopus?start=125&count=25&query=TITLE%28Adversarial+Attack%29+OR+ABS%28Adversarial+Attack%29+OR+KEY%28Adversarial+Attack%29+AND+PUBDATETXT%28January+2023%29
2024-09-19 15:02:58,970 - elsapy.utils - INFO - Converting prism:coverDate
2024-09-19 15:32:47,131 - elsapy.elsclient - INFO - Sending GET request to https://api.elsevier.com/content/search/scopus?query=TITLE%28Adversarial+Attack%29+OR+ABS%28Adversarial+Attack%29+OR+KEY%28Adversarial+Attack%29+AND+PUBDATETXT%28February+2023%29
2024-09-19 15:32:48,895 - elsapy.elsclient - INFO - Sending GET request to https://api.elsevier.com/content/search/scopus?start=25&count=25&query=TITLE%28Adversarial+Attack%29+OR+ABS%28Adversarial+Attack%29+OR+KEY%28Adversarial+Attack%29+AND+PUBDATETXT%28February+2023%29
2024-09-19 15:32:50,495 - elsapy.elsclient - INFO - Sending GET request to https://api.elsevier.com/content/search/scopus?start=50&count=25&query=TITLE%28Adversarial+Attack%29+OR+ABS%28Adversarial+Attack%29+OR+KEY%28Adversarial+Attack%29+AND+PUBDATETXT%28February+2023%29
2024-09-19 15:32:52,305 - elsapy.elsclient - INFO - Sending GET request to https://api.elsevier.com/content/search/scopus?start=75&count=25&query=TITLE%28Adversarial+Attack%29+OR+ABS%28Adversarial+Attack%29+OR+KEY%28Adversarial+Attack%29+AND+PUBDATETXT%28February+2023%29
2024-09-19 15:32:53,978 - elsapy.elsclient - INFO - Sending GET request to https://api.elsevier.com/content/search/scopus?start=100&count=25&query=TITLE%28Adversarial+Attack%29+OR+ABS%28Adversarial+Attack%29+OR+KEY%28Adversarial+Attack%29+AND+PUBDATETXT%28February+2023%29
2024-09-19 15:32:54,305 - elsapy.utils - INFO - Converting prism:coverDate
2024-09-19 15:46:03,235 - elsapy.elsclient - INFO - Sending GET request to https://api.elsevier.com/content/search/scopus?query=TITLE%28Adversarial+Attack%29+OR+ABS%28Adversarial+Attack%29+OR+KEY%28Adversarial+Attack%29+AND+PUBDATETXT%28March+2023%29
2024-09-19 15:46:05,114 - elsapy.elsclient - INFO - Sending GET request to https://api.elsevier.com/content/search/scopus?start=25&count=25&query=TITLE%28Adversarial+Attack%29+OR+ABS%28Adversarial+Attack%29+OR+KEY%28Adversarial+Attack%29+AND+PUBDATETXT%28March+2023%29
2024-09-19 15:46:06,820 - elsapy.elsclient - INFO - Sending GET request to https://api.elsevier.com/content/search/scopus?start=50&count=25&query=TITLE%28Adversarial+Attack%29+OR+ABS%28Adversarial+Attack%29+OR+KEY%28Adversarial+Attack%29+AND+PUBDATETXT%28March+2023%29
2024-09-19 15:46:08,454 - elsapy.elsclient - INFO - Sending GET request to https://api.elsevier.com/content/search/scopus?start=75&count=25&query=TITLE%28Adversarial+Attack%29+OR+ABS%28Adversarial+Attack%29+OR+KEY%28Adversarial+Attack%29+AND+PUBDATETXT%28March+2023%29
2024-09-19 15:46:10,102 - elsapy.elsclient - INFO - Sending GET request to https://api.elsevier.com/content/search/scopus?start=100&count=25&query=TITLE%28Adversarial+Attack%29+OR+ABS%28Adversarial+Attack%29+OR+KEY%28Adversarial+Attack%29+AND+PUBDATETXT%28March+2023%29
2024-09-19 15:46:10,471 - elsapy.utils - INFO - Converting prism:coverDate
